{"@level":"info","@timestamp":"2023-12-02 12:11:39","action":"Login","after_update":"","before_update":"","msg":"user successfully loged in","user":"Bayu Pamungkas","user_id":"b2f53ff5-6389-4ee5-830d-42a8d73d6952"}
{"@level":"info","@timestamp":"2023-12-02 12:12:06","action":"Login","after_update":"","before_update":"","msg":"user successfully loged in","user":"Bayu Pamungkas","user_id":"b2f53ff5-6389-4ee5-830d-42a8d73d6952"}
{"@level":"info","@timestamp":"2023-12-02 12:12:08","action":"Login","after_update":"","before_update":"","msg":"user successfully loged in","user":"Bayu Pamungkas","user_id":"b2f53ff5-6389-4ee5-830d-42a8d73d6952"}
{"@level":"info","@timestamp":"2023-12-02 12:12:37","action":"Login","after_update":"","before_update":"","msg":"user successfully loged in","user":"Bayu Pamungkas","user_id":"b2f53ff5-6389-4ee5-830d-42a8d73d6952"}
{"@level":"info","@timestamp":"2023-12-02 12:12:39","action":"Login","after_update":"","before_update":"","msg":"user successfully loged in","user":"Bayu Pamungkas","user_id":"b2f53ff5-6389-4ee5-830d-42a8d73d6952"}
{"@level":"info","@timestamp":"2023-12-02 12:13:11","action":"Login","after_update":"","before_update":"","msg":"user successfully loged in","user":"Bayu Pamungkas","user_id":"b2f53ff5-6389-4ee5-830d-42a8d73d6952"}
{"@level":"info","@timestamp":"2023-12-02 12:16:03","action":"Login","after_update":"","before_update":"","msg":"user successfully loged in","user":"Bayu Pamungkas","user_id":"b2f53ff5-6389-4ee5-830d-42a8d73d6952"}
{"@level":"info","@timestamp":"2023-12-02 12:16:06","action":"FindUserByID","after_update":"","before_update":"","msg":"user successfully taken","user":"Bayu Pamungkas","user_id":"b2f53ff5-6389-4ee5-830d-42a8d73d6952"}
{"@level":"info","@timestamp":"2023-12-02 12:16:58","action":"FindUserByID","after_update":"","before_update":"","msg":"user successfully taken","user":"Bayu Pamungkas update","user_id":"b2f53ff5-6389-4ee5-830d-42a8d73d6952"}
{"@level":"info","@timestamp":"2023-12-02 12:28:45","action":"Login","after_update":"","before_update":"","msg":"user successfully loged in","user":"Bayu Pamungkas","user_id":"b2f53ff5-6389-4ee5-830d-42a8d73d6952"}
{"@level":"info","@timestamp":"2023-12-02 12:28:59","action":"Login","after_update":"","before_update":"","msg":"user successfully loged in","user":"Bayu Pamungkas","user_id":"b2f53ff5-6389-4ee5-830d-42a8d73d6952"}
{"@level":"info","@timestamp":"2023-12-02 12:29:00","action":"Login","after_update":"","before_update":"","msg":"user successfully loged in","user":"Bayu Pamungkas","user_id":"b2f53ff5-6389-4ee5-830d-42a8d73d6952"}
{"@level":"info","@timestamp":"2023-12-02 12:29:01","action":"Login","after_update":"","before_update":"","msg":"user successfully loged in","user":"Bayu Pamungkas","user_id":"b2f53ff5-6389-4ee5-830d-42a8d73d6952"}
{"@level":"info","@timestamp":"2023-12-02 12:29:02","action":"Login","after_update":"","before_update":"","msg":"user successfully loged in","user":"Bayu Pamungkas","user_id":"b2f53ff5-6389-4ee5-830d-42a8d73d6952"}
{"@level":"info","@timestamp":"2023-12-02 12:29:02","action":"Login","after_update":"","before_update":"","msg":"user successfully loged in","user":"Bayu Pamungkas","user_id":"b2f53ff5-6389-4ee5-830d-42a8d73d6952"}
{"@level":"info","@timestamp":"2023-12-02 12:29:12","action":"FindUserByID","after_update":"","before_update":"","msg":"user successfully taken","user":"Bayu Pamungkas","user_id":"b2f53ff5-6389-4ee5-830d-42a8d73d6952"}
{"@level":"info","@timestamp":"2023-12-02 14:28:56","action":"Login","after_update":"","before_update":"","msg":"user successfully loged in","user":"Bayu Pamungkas update","user_id":"b2f53ff5-6389-4ee5-830d-42a8d73d6952"}
{"@level":"info","@timestamp":"2023-12-02 14:29:01","action":"FindUserByID","after_update":"","before_update":"","msg":"user successfully taken","user":"Bayu Pamungkas update","user_id":"b2f53ff5-6389-4ee5-830d-42a8d73d6952"}
{"@level":"info","@timestamp":"2023-12-02 15:07:23","action":"Login","after_update":"","before_update":"","msg":"user successfully loged in","user":"bayu pamungkas","user_id":"fd036f0a-350f-475b-be97-74538466cf47"}
{"@level":"info","@timestamp":"2023-12-02 15:07:32","action":"FindUserByID","after_update":"","before_update":"","msg":"user successfully taken","user":"bayu pamungkas","user_id":"fd036f0a-350f-475b-be97-74538466cf47"}
{"@level":"info","@timestamp":"2023-12-02 15:09:31","action":"FindUserByID","after_update":"","before_update":"","msg":"user successfully taken","user":"bayu pamungkas","user_id":"fd036f0a-350f-475b-be97-74538466cf47"}
{"@level":"info","@timestamp":"2023-12-02 15:09:36","action":"Login","after_update":"","before_update":"","msg":"user successfully loged in","user":"bayu pamungkas","user_id":"fd036f0a-350f-475b-be97-74538466cf47"}
{"@level":"info","@timestamp":"2023-12-02 15:11:26","action":"Login","after_update":"","before_update":"","msg":"user successfully loged in","user":"bayu pamungkas","user_id":"fd036f0a-350f-475b-be97-74538466cf47"}
{"@level":"info","@timestamp":"2023-12-02 15:11:28","action":"FindUserByID","after_update":"","before_update":"","msg":"user successfully taken","user":"bayu pamungkas","user_id":"fd036f0a-350f-475b-be97-74538466cf47"}
{"@level":"info","@timestamp":"2023-12-02 15:26:38","action":"Login","after_update":"","before_update":"","msg":"user successfully loged in","user":"bayu pamungkas","user_id":"fd036f0a-350f-475b-be97-74538466cf47"}
{"@level":"info","@timestamp":"2023-12-02 15:27:16","action":"DeleteUser","after_update":"","before_update":"","msg":"user successfully deleted","user":"bayu pamungkas","user_id":"fd036f0a-350f-475b-be97-74538466cf47"}
{"@level":"info","@timestamp":"2023-12-02 15:28:32","action":"Login","after_update":"","before_update":"","msg":"user successfully loged in","user":"Bayu pamungkas","user_id":"4c8d9369-8cbb-45af-b7ee-72f59ceb01c2"}
{"@level":"info","@timestamp":"2023-12-02 15:31:12","action":"Login","after_update":"","before_update":"","msg":"user successfully loged in","user":"Bayu pamungkas","user_id":"4c8d9369-8cbb-45af-b7ee-72f59ceb01c2"}
{"@level":"info","@timestamp":"2023-12-02 15:36:35","action":"Login","after_update":"","before_update":"","msg":"user successfully loged in","user":"Bayu pamungkas","user_id":"4c8d9369-8cbb-45af-b7ee-72f59ceb01c2"}
{"@level":"info","@timestamp":"2023-12-02 15:42:34","action":"FindUserByID","after_update":"","before_update":"","msg":"user successfully taken","user":"Bayu pamungkas","user_id":"4c8d9369-8cbb-45af-b7ee-72f59ceb01c2"}
{"@level":"info","@timestamp":"2023-12-02 15:42:51","action":"Login","after_update":"","before_update":"","msg":"user successfully loged in","user":"Bayu pamungkas","user_id":"4c8d9369-8cbb-45af-b7ee-72f59ceb01c2"}
{"@level":"info","@timestamp":"2023-12-02 15:43:11","action":"FindUserByID","after_update":"","before_update":"","msg":"user successfully taken","user":"Bayu pamungkas","user_id":"4c8d9369-8cbb-45af-b7ee-72f59ceb01c2"}
{"@level":"info","@timestamp":"2023-12-02 15:43:50","action":"FindUserByID","after_update":"","before_update":"","msg":"user successfully taken","user":"Bayu pamungkas","user_id":"4c8d9369-8cbb-45af-b7ee-72f59ceb01c2"}
{"@level":"info","@timestamp":"2023-12-02 15:47:43","action":"FindUserByID","after_update":"","before_update":"","msg":"user successfully taken","user":"Bayu pamungkas","user_id":"4c8d9369-8cbb-45af-b7ee-72f59ceb01c2"}
{"@level":"info","@timestamp":"2023-12-02 15:48:54","action":"Login","after_update":"","before_update":"","msg":"user successfully loged in","user":"bayu kedua","user_id":"9e5c270c-3ab2-46f3-a541-5e84909d5ad8"}
{"@level":"info","@timestamp":"2023-12-02 15:49:02","action":"FindUserByID","after_update":"","before_update":"","msg":"user successfully taken","user":"bayu kedua","user_id":"9e5c270c-3ab2-46f3-a541-5e84909d5ad8"}
{"@level":"info","@timestamp":"2023-12-02 15:49:39","action":"FindUserByID","after_update":"","before_update":"","msg":"user successfully taken","user":"Bayu pamungkas","user_id":"4c8d9369-8cbb-45af-b7ee-72f59ceb01c2"}
{"@level":"info","@timestamp":"2023-12-02 15:51:02","action":"FindUserByID","after_update":"","before_update":"","msg":"user successfully taken","user":"Bayu pamungkas","user_id":"4c8d9369-8cbb-45af-b7ee-72f59ceb01c2"}
{"@level":"info","@timestamp":"2023-12-02 15:51:05","action":"FindUserByID","after_update":"","before_update":"","msg":"user successfully taken","user":"Bayu pamungkas","user_id":"4c8d9369-8cbb-45af-b7ee-72f59ceb01c2"}
{"@level":"info","@timestamp":"2023-12-02 15:51:09","action":"FindUserByID","after_update":"","before_update":"","msg":"user successfully taken","user":"Bayu pamungkas","user_id":"4c8d9369-8cbb-45af-b7ee-72f59ceb01c2"}
{"@level":"info","@timestamp":"2023-12-02 15:51:22","action":"FindUserByID","after_update":"","before_update":"","msg":"user successfully taken","user":"Bayu pamungkas","user_id":"4c8d9369-8cbb-45af-b7ee-72f59ceb01c2"}
{"@level":"info","@timestamp":"2023-12-02 15:51:23","action":"FindUserByID","after_update":"","before_update":"","msg":"user successfully taken","user":"Bayu pamungkas","user_id":"4c8d9369-8cbb-45af-b7ee-72f59ceb01c2"}
{"@level":"info","@timestamp":"2023-12-02 15:51:23","action":"FindUserByID","after_update":"","before_update":"","msg":"user successfully taken","user":"Bayu pamungkas","user_id":"4c8d9369-8cbb-45af-b7ee-72f59ceb01c2"}
{"@level":"info","@timestamp":"2023-12-02 15:52:16","action":"FindUserByID","after_update":"","before_update":"","msg":"user successfully taken","user":"Bayu pamungkas","user_id":"4c8d9369-8cbb-45af-b7ee-72f59ceb01c2"}
{"@level":"info","@timestamp":"2023-12-02 15:52:20","action":"FindUserByID","after_update":"","before_update":"","msg":"user successfully taken","user":"Bayu pamungkas","user_id":"4c8d9369-8cbb-45af-b7ee-72f59ceb01c2"}
{"@level":"info","@timestamp":"2023-12-02 15:52:21","action":"FindUserByID","after_update":"","before_update":"","msg":"user successfully taken","user":"Bayu pamungkas","user_id":"4c8d9369-8cbb-45af-b7ee-72f59ceb01c2"}
{"@level":"info","@timestamp":"2023-12-02 15:52:40","action":"FindUserByID","after_update":"","before_update":"","msg":"user successfully taken","user":"Bayu pamungkas","user_id":"4c8d9369-8cbb-45af-b7ee-72f59ceb01c2"}
{"@level":"info","@timestamp":"2023-12-02 15:52:51","action":"FindUserByID","after_update":"","before_update":"","msg":"user successfully taken","user":"Bayu pamungkas","user_id":"4c8d9369-8cbb-45af-b7ee-72f59ceb01c2"}
{"@level":"info","@timestamp":"2023-12-02 15:53:20","action":"FindUserByID","after_update":"","before_update":"","msg":"user successfully taken","user":"Bayu pamungkas","user_id":"4c8d9369-8cbb-45af-b7ee-72f59ceb01c2"}
{"@level":"info","@timestamp":"2023-12-02 15:57:08","action":"FindUserByID","after_update":"","before_update":"","msg":"user successfully taken","user":"Bayu pamungkas","user_id":"4c8d9369-8cbb-45af-b7ee-72f59ceb01c2"}
{"@level":"info","@timestamp":"2023-12-02 16:06:34","action":"FindUserByID","after_update":"","before_update":"","msg":"user successfully taken","user":"bayu kedua","user_id":"9e5c270c-3ab2-46f3-a541-5e84909d5ad8"}
{"@level":"info","@timestamp":"2023-12-02 16:35:03","action":"FindUserByID","after_update":"","before_update":"","msg":"user successfully taken","user":"bayu kedua","user_id":"9e5c270c-3ab2-46f3-a541-5e84909d5ad8"}
{"@level":"info","@timestamp":"2023-12-02 17:00:56","action":"FindUserByID","after_update":"","before_update":"","msg":"user successfully taken","user":"bayu kedua","user_id":"9e5c270c-3ab2-46f3-a541-5e84909d5ad8"}
{"@level":"info","@timestamp":"2023-12-02 17:01:20","action":"FindUserByID","after_update":"","before_update":"","msg":"user successfully taken","user":"bayu kedua","user_id":"9e5c270c-3ab2-46f3-a541-5e84909d5ad8"}
{"@level":"info","@timestamp":"2023-12-02 17:14:39","action":"FindUserByID","after_update":"","before_update":"","msg":"user successfully taken","user":"bayu kedua","user_id":"9e5c270c-3ab2-46f3-a541-5e84909d5ad8"}
{"@level":"info","@timestamp":"2023-12-02 17:18:20","action":"FindUserByID","after_update":"","before_update":"","msg":"user successfully taken","user":"bayu kedua","user_id":"9e5c270c-3ab2-46f3-a541-5e84909d5ad8"}
{"@level":"info","@timestamp":"2023-12-02 17:20:54","action":"FindUserByID","after_update":"","before_update":"","msg":"user successfully taken","user":"bayu kedua","user_id":"9e5c270c-3ab2-46f3-a541-5e84909d5ad8"}
{"@level":"info","@timestamp":"2023-12-02 17:22:03","action":"FindUserByID","after_update":"","before_update":"","msg":"user successfully taken","user":"bayu kedua","user_id":"9e5c270c-3ab2-46f3-a541-5e84909d5ad8"}
{"@level":"info","@timestamp":"2023-12-02 17:22:40","action":"FindUserByID","after_update":"","before_update":"","msg":"user successfully taken","user":"bayu kedua","user_id":"9e5c270c-3ab2-46f3-a541-5e84909d5ad8"}
{"@level":"info","@timestamp":"2023-12-02 17:26:53","action":"FindUserByID","after_update":"","before_update":"","msg":"user successfully taken","user":"bayu kedua","user_id":"9e5c270c-3ab2-46f3-a541-5e84909d5ad8"}
{"@level":"info","@timestamp":"2023-12-02 17:31:56","action":"FindUserByID","after_update":"","before_update":"","msg":"user successfully taken","user":"bayu kedua","user_id":"9e5c270c-3ab2-46f3-a541-5e84909d5ad8"}
{"@level":"info","@timestamp":"2023-12-02 18:35:11","action":"UpdatePhoto","after_update":"Pi,8fQ^#v^%pjxqHFGCN183511.jpeg","before_update":"fxk!@zpgKk\u0026qD7\u0026Qahcn182859.jpeg","msg":"","user":"bayu kedua","user_id":"9e5c270c-3ab2-46f3-a541-5e84909d5ad8"}
{"@level":"info","@timestamp":"2023-12-02 18:43:11","action":"UpdatePhoto","after_update":"Hor2Re%7bPKeYLlJM25c184311.jpeg","before_update":"Pi,8fQ^#v^%pjxqHFGCN183511.jpeg","msg":"","user":"bayu kedua","user_id":"9e5c270c-3ab2-46f3-a541-5e84909d5ad8"}
{"@level":"info","@timestamp":"2023-12-02 18:46:06","action":"Login","after_update":"","before_update":"","msg":"user successfully loged in","user":"bayu kedua","user_id":"9e5c270c-3ab2-46f3-a541-5e84909d5ad8"}
{"@level":"info","@timestamp":"2023-12-02 18:47:06","action":"UpdatePhoto","after_update":"kCcoNJNhj4$6cFAl8YL018476.jpeg","before_update":"JKeYK7SBZ$4W2v8i%#G4184621.jpg","msg":"","user":"bayu kedua","user_id":"9e5c270c-3ab2-46f3-a541-5e84909d5ad8"}
{"@level":"info","@timestamp":"2023-12-02 18:47:15","action":"UpdatePhoto","after_update":"s!OHWLCdhmr^Qj^I8BIG184715.jpeg","before_update":"kCcoNJNhj4$6cFAl8YL018476.jpeg","msg":"","user":"bayu kedua","user_id":"9e5c270c-3ab2-46f3-a541-5e84909d5ad8"}
{"@level":"info","@timestamp":"2023-12-02 18:47:45","action":"UpdatePhoto","after_update":"vBfdGe7%^RvfRkoTrD9P184745.jpeg","before_update":"lGB\u0026MMRgX#5h$W\u0026Fpp$I184726.jpg","msg":"","user":"bayu kedua","user_id":"9e5c270c-3ab2-46f3-a541-5e84909d5ad8"}
{"@level":"info","@timestamp":"2023-12-02 18:47:49","action":"UpdatePhoto","after_update":"m^cNPpnQ#m7txhiHxbI5184749.jpeg","before_update":"vBfdGe7%^RvfRkoTrD9P184745.jpeg","msg":"","user":"bayu kedua","user_id":"9e5c270c-3ab2-46f3-a541-5e84909d5ad8"}
{"@level":"info","@timestamp":"2023-12-02 18:47:51","action":"UpdatePhoto","after_update":"yieUNg@KL4ekRqcft,oR184751.jpeg","before_update":"m^cNPpnQ#m7txhiHxbI5184749.jpeg","msg":"","user":"bayu kedua","user_id":"9e5c270c-3ab2-46f3-a541-5e84909d5ad8"}
{"@level":"info","@timestamp":"2023-12-02 18:47:54","action":"UpdatePhoto","after_update":"6h1Vbk^8bIN0RNy2gMKh184754.jpeg","before_update":"yieUNg@KL4ekRqcft,oR184751.jpeg","msg":"","user":"bayu kedua","user_id":"9e5c270c-3ab2-46f3-a541-5e84909d5ad8"}
{"@level":"info","@timestamp":"2023-12-02 18:47:56","action":"UpdatePhoto","after_update":"BAT^4fC5Jyeu^Zh8VRb6184756.jpeg","before_update":"6h1Vbk^8bIN0RNy2gMKh184754.jpeg","msg":"","user":"bayu kedua","user_id":"9e5c270c-3ab2-46f3-a541-5e84909d5ad8"}
{"@level":"info","@timestamp":"2023-12-02 18:47:57","action":"UpdatePhoto","after_update":"S9L26U@$@90sxs8iQ1u%184757.jpeg","before_update":"BAT^4fC5Jyeu^Zh8VRb6184756.jpeg","msg":"","user":"bayu kedua","user_id":"9e5c270c-3ab2-46f3-a541-5e84909d5ad8"}
{"@level":"info","@timestamp":"2023-12-02 18:48:01","action":"UpdatePhoto","after_update":"zMqQXr@JnyO^319IlUr%18481.jpeg","before_update":"S9L26U@$@90sxs8iQ1u%184757.jpeg","msg":"","user":"bayu kedua","user_id":"9e5c270c-3ab2-46f3-a541-5e84909d5ad8"}
{"@level":"info","@timestamp":"2023-12-02 18:48:31","action":"UpdatePhoto","after_update":"alfLSULKR\u0026n9O@ulk2zB184831.jpeg","before_update":"zMqQXr@JnyO^319IlUr%18481.jpeg","msg":"","user":"bayu kedua","user_id":"9e5c270c-3ab2-46f3-a541-5e84909d5ad8"}
{"@level":"info","@timestamp":"2023-12-02 18:48:32","action":"UpdatePhoto","after_update":"md\u0026R9ePkl@yU7eTuGQh^184832.jpeg","before_update":"alfLSULKR\u0026n9O@ulk2zB184831.jpeg","msg":"","user":"bayu kedua","user_id":"9e5c270c-3ab2-46f3-a541-5e84909d5ad8"}
{"@level":"info","@timestamp":"2023-12-02 18:53:14","action":"UpdatePhoto","after_update":"Zef8vRvMVRs5gB0Y#mF#185314.jpeg","before_update":"!bOOe$4kVS\u0026m83YhWz6p18531.jpg","msg":"","user":"bayu kedua","user_id":"9e5c270c-3ab2-46f3-a541-5e84909d5ad8"}
{"@level":"info","@timestamp":"2023-12-02 18:53:16","action":"UpdatePhoto","after_update":"\u0026BIz1A8zRysiV0PN8W%^185316.jpeg","before_update":"Zef8vRvMVRs5gB0Y#mF#185314.jpeg","msg":"","user":"bayu kedua","user_id":"9e5c270c-3ab2-46f3-a541-5e84909d5ad8"}
{"@level":"info","@timestamp":"2023-12-02 18:53:26","action":"UpdatePhoto","after_update":"K5yy!uD^yI$#J604zpRL185326.jpeg","before_update":"\u0026BIz1A8zRysiV0PN8W%^185316.jpeg","msg":"","user":"bayu kedua","user_id":"9e5c270c-3ab2-46f3-a541-5e84909d5ad8"}
{"@level":"info","@timestamp":"2023-12-02 18:53:28","action":"UpdatePhoto","after_update":"YOVAvgPq!keZvkNjdnKQ185328.jpeg","before_update":"K5yy!uD^yI$#J604zpRL185326.jpeg","msg":"","user":"bayu kedua","user_id":"9e5c270c-3ab2-46f3-a541-5e84909d5ad8"}
{"@level":"info","@timestamp":"2023-12-02 18:53:30","action":"UpdatePhoto","after_update":"#!HzT!6lRYjBm85KoFvs185330.jpeg","before_update":"YOVAvgPq!keZvkNjdnKQ185328.jpeg","msg":"","user":"bayu kedua","user_id":"9e5c270c-3ab2-46f3-a541-5e84909d5ad8"}
{"@level":"info","@timestamp":"2023-12-02 18:54:16","action":"UpdatePhoto","after_update":"Dlp\u0026,YDAgSKi$Nt2#CiS185416.jpeg","before_update":"#!HzT!6lRYjBm85KoFvs185330.jpeg","msg":"","user":"bayu kedua","user_id":"9e5c270c-3ab2-46f3-a541-5e84909d5ad8"}
{"@level":"info","@timestamp":"2023-12-02 18:54:18","action":"UpdatePhoto","after_update":"2X1sHgAYyv\u0026aFRZz@qxN185418.jpeg","before_update":"Dlp\u0026,YDAgSKi$Nt2#CiS185416.jpeg","msg":"","user":"bayu kedua","user_id":"9e5c270c-3ab2-46f3-a541-5e84909d5ad8"}
{"@level":"info","@timestamp":"2023-12-02 18:54:19","action":"UpdatePhoto","after_update":"lV9mM%P3fR9KxDmjg5J9185419.jpeg","before_update":"2X1sHgAYyv\u0026aFRZz@qxN185418.jpeg","msg":"","user":"bayu kedua","user_id":"9e5c270c-3ab2-46f3-a541-5e84909d5ad8"}
{"@level":"info","@timestamp":"2023-12-02 18:54:20","action":"UpdatePhoto","after_update":"Rp6I$hYsgRo#3mYKgR7L185420.jpeg","before_update":"lV9mM%P3fR9KxDmjg5J9185419.jpeg","msg":"","user":"bayu kedua","user_id":"9e5c270c-3ab2-46f3-a541-5e84909d5ad8"}
{"@level":"info","@timestamp":"2023-12-02 18:54:22","action":"UpdatePhoto","after_update":"hM3@%PHucI7UuY9Rzz1P185422.jpeg","before_update":"Rp6I$hYsgRo#3mYKgR7L185420.jpeg","msg":"","user":"bayu kedua","user_id":"9e5c270c-3ab2-46f3-a541-5e84909d5ad8"}
{"@level":"info","@timestamp":"2023-12-02 18:54:51","action":"UpdatePhoto","after_update":"NTTt0Y!pJKol\u00265oOdM@^185451.jpeg","before_update":"P$kAY8@L5RQM0zVMOK2H18536.jpg","msg":"","user":"bayu kedua","user_id":"9e5c270c-3ab2-46f3-a541-5e84909d5ad8"}
{"@level":"info","@timestamp":"2023-12-02 18:54:53","action":"UpdatePhoto","after_update":"HPUGf,^D3ouvSyDJF^2h185452.jpeg","before_update":"NTTt0Y!pJKol\u00265oOdM@^185451.jpeg","msg":"","user":"bayu kedua","user_id":"9e5c270c-3ab2-46f3-a541-5e84909d5ad8"}
{"@level":"info","@timestamp":"2023-12-02 18:54:54","action":"UpdatePhoto","after_update":"6K#m8MlpAFYj5TYpysim185454.jpeg","before_update":"HPUGf,^D3ouvSyDJF^2h185452.jpeg","msg":"","user":"bayu kedua","user_id":"9e5c270c-3ab2-46f3-a541-5e84909d5ad8"}
{"@level":"info","@timestamp":"2023-12-02 18:56:09","action":"UpdatePhoto","after_update":"scV1YN%QcRuY75TJy8PT18569.jpeg","before_update":"Z8bHrT#GC#Uqb1Vitx^S185559.jpg","msg":"","user":"bayu kedua","user_id":"9e5c270c-3ab2-46f3-a541-5e84909d5ad8"}
{"@level":"info","@timestamp":"2023-12-02 18:56:10","action":"UpdatePhoto","after_update":"cC0#$VcFHy6UaHUMA#WX185610.jpeg","before_update":"scV1YN%QcRuY75TJy8PT18569.jpeg","msg":"","user":"bayu kedua","user_id":"9e5c270c-3ab2-46f3-a541-5e84909d5ad8"}
{"@level":"info","@timestamp":"2023-12-02 18:56:11","action":"UpdatePhoto","after_update":"C\u00269tOWh7ot%$i7@OiZ2c185611.jpeg","before_update":"cC0#$VcFHy6UaHUMA#WX185610.jpeg","msg":"","user":"bayu kedua","user_id":"9e5c270c-3ab2-46f3-a541-5e84909d5ad8"}
{"@level":"info","@timestamp":"2023-12-03 10:33:21","action":"Login","after_update":"","before_update":"","msg":"user successfully loged in","user":"bayu kedua","user_id":"9e5c270c-3ab2-46f3-a541-5e84909d5ad8"}
{"@level":"info","@timestamp":"2023-12-03 10:41:43","action":"UpdatePhoto","after_update":"6C$v!f@rVfiHUP,XU^a\u0026104143.jpeg","before_update":"vVGFmGA0RJRO#9mDly4M104045.jpeg","msg":"","user":"bayu kedua","user_id":"9e5c270c-3ab2-46f3-a541-5e84909d5ad8"}
{"@level":"info","@timestamp":"2023-12-03 10:53:52","action":"FindUserByID","after_update":"","before_update":"","msg":"user successfully taken","user":"bayu kedua","user_id":"9e5c270c-3ab2-46f3-a541-5e84909d5ad8"}
{"@level":"info","@timestamp":"2023-12-03 10:54:16","action":"UpdatePhoto","after_update":"xVZLy7F%xLYIB9AY#iNt105416.jpeg","before_update":"\u0026H,zghdl$uXVu2,l5tZX103445.jpg","msg":"","user":"bayu kedua","user_id":"9e5c270c-3ab2-46f3-a541-5e84909d5ad8"}
{"@level":"info","@timestamp":"2023-12-03 11:17:42","action":"UpdatePhoto","after_update":"e1$hU!$WvfBeaVv6YH4s111742.jpeg","before_update":"PZn8qDfJ5aIpy40kXuRr111044.jpeg","msg":"","user":"bayu kedua","user_id":"9e5c270c-3ab2-46f3-a541-5e84909d5ad8"}
{"@level":"info","@timestamp":"2023-12-03 11:24:06","action":"UpdatePhoto","after_update":"@7,al7CAH0rGviNSTK8D11246.jpg","before_update":"e1$hU!$WvfBeaVv6YH4s111742.jpeg","msg":"","user":"bayu kedua","user_id":"9e5c270c-3ab2-46f3-a541-5e84909d5ad8"}
